<?xml version="1.0" encoding="UTF-8"?>
<!-- Generated by org.testng.reporters.JUnitReportReporter -->
<testsuite hostname="DESKTOP-F251AAJ" failures="0" tests="1" name="testCases.TC_001_AccountRegistrationTest" time="3.254" errors="0" timestamp="2023-01-25T10:15:34 CET" skipped="0">
  <testcase classname="testCases.TC_001_AccountRegistrationTest" name="test_account_Registration" time="3.254"/>
  <system-out/>
</testsuite> <!-- testCases.TC_001_AccountRegistrationTest -->
